Java HotSpot(TM) 64-Bit Server VM warning: ignoring option PermSize=32m; support was removed in 8.0
Java HotSpot(TM) 64-Bit Server VM warning: ignoring option MaxPermSize=256m; support was removed in 8.0
Oct 05, 2017 10:26:47 PM oracle.security.jps.util.JpsUtil disableAudit
INFO: JpsUtil: isAuditDisabled set to true
Oct 05, 2017 10:26:47 PM oracle.security.jps.util.JpsUtil disableAudit
INFO: JpsUtil: isAuditDisabled set to false
Oct 05, 2017 10:26:49 PM oracle.mds
NOTIFICATION: PManager instance is created without multitenancy support as JVM flag "oracle.multitenant.enabled" is not set to enable multitenancy support.
Oct 05, 2017 10:26:49 PM oracle.security.jps.internal.config.xml.XmlConfigurationFactory initDefaultConfiguration
SEVERE: java.io.FileNotFoundException: ./config/jps-config.xml (No such file or directory)
Oct 05, 2017 10:26:49 PM oracle.mds
NOTIFICATION: Auditing is disabled for component MDS.
Oct 05, 2017 10:26:49 PM oracle.fabric.common.wsdl.SchemaManager isIncrementalBuildSupported
INFO: XMLSchema incremental build enabled.
Oct 05, 2017 10:26:49 PM oracle.fabric.common.wsdl.WSDLManager loadWSDL
WARNING: WSDL localizedWSDLException at location: VerifyEsiMecFedProxyService.wsdl due to: Error in getting XML input stream: file:/Users/ram/Desktop/PreProd_Files/Bridge-master/HavenESIMEConsumeService/VerifyEsiMecFedProxyService.wsdl: /Users/ram/Desktop/PreProd_Files/Bridge-master/HavenESIMEConsumeService/VerifyEsiMecFedProxyService.wsdl (No such file or directory)
Oct 05, 2017 10:26:50 PM oracle.integration.platform.blocks.FabricConfigManager <clinit>
WARNING: JRF is unable to determine the current application server platform.
Oct 05, 2017 10:26:50 PM oracle.integration.platform.blocks.WLSPlatformConfigurationProvider <clinit>
WARNING: JRF is unable to determine the current application server platform.
