Java HotSpot(TM) 64-Bit Server VM warning: ignoring option PermSize=32m; support was removed in 8.0
Java HotSpot(TM) 64-Bit Server VM warning: ignoring option MaxPermSize=256m; support was removed in 8.0
Jun 19, 2017 2:31:48 PM oracle.security.jps.util.JpsUtil disableAudit
INFO: JpsUtil: isAuditDisabled set to true
Jun 19, 2017 2:31:48 PM oracle.security.jps.util.JpsUtil disableAudit
INFO: JpsUtil: isAuditDisabled set to false
oracle.fabric.common.FabricException: oracle.mds.config.MDSConfigurationException: MDS-01330: unable to load MDS configuration document    
MDS-01329: unable to load element "persistence-config"
MDS-01370: MetadataStore configuration for metadata-store-usage "mstore-usage_2" is invalid.    
MDS-01259: The metadata store "oracle.mds.persistence.stores.db.DBMetadataStore" cannot be instantiated.    
MDS-00003: error connecting to the database    
Exception occurred while getting connection: oracle.ucp.UniversalConnectionPoolException: Cannot get Connection from Datasource: java.sql.SQLException: ORA-01017: invalid username/password; logon denied

: MDS-01330: unable to load MDS configuration document    
MDS-01329: unable to load element "persistence-config"
MDS-01370: MetadataStore configuration for metadata-store-usage "mstore-usage_2" is invalid.    
MDS-01259: The metadata store "oracle.mds.persistence.stores.db.DBMetadataStore" cannot be instantiated.    
MDS-00003: error connecting to the database    
Exception occurred while getting connection: oracle.ucp.UniversalConnectionPoolException: Cannot get Connection from Datasource: java.sql.SQLException: ORA-01017: invalid username/password; logon denied

: oracle.mds.config.MDSConfigurationException: MDS-01330: unable to load MDS configuration document    
MDS-01329: unable to load element "persistence-config"
MDS-01370: MetadataStore configuration for metadata-store-usage "mstore-usage_2" is invalid.    
MDS-01259: The metadata store "oracle.mds.persistence.stores.db.DBMetadataStore" cannot be instantiated.    
MDS-00003: error connecting to the database    
Exception occurred while getting connection: oracle.ucp.UniversalConnectionPoolException: Cannot get Connection from Datasource: java.sql.SQLException: ORA-01017: invalid username/password; logon denied

: MDS-01330: unable to load MDS configuration document    
MDS-01329: unable to load element "persistence-config"
MDS-01370: MetadataStore configuration for metadata-store-usage "mstore-usage_2" is invalid.    
MDS-01259: The metadata store "oracle.mds.persistence.stores.db.DBMetadataStore" cannot be instantiated.    
MDS-00003: error connecting to the database    
Exception occurred while getting connection: oracle.ucp.UniversalConnectionPoolException: Cannot get Connection from Datasource: java.sql.SQLException: ORA-01017: invalid username/password; logon denied


oracle.fabric.common.FabricException: oracle.fabric.common.FabricException: oracle.mds.config.MDSConfigurationException: MDS-01330: unable to load MDS configuration document    
MDS-01329: unable to load element "persistence-config"
MDS-01370: MetadataStore configuration for metadata-store-usage "mstore-usage_2" is invalid.    
MDS-01259: The metadata store "oracle.mds.persistence.stores.db.DBMetadataStore" cannot be instantiated.    
MDS-00003: error connecting to the database    
Exception occurred while getting connection: oracle.ucp.UniversalConnectionPoolException: Cannot get Connection from Datasource: java.sql.SQLException: ORA-01017: invalid username/password; logon denied

: MDS-01330: unable to load MDS configuration document    
MDS-01329: unable to load element "persistence-config"
MDS-01370: MetadataStore configuration for metadata-store-usage "mstore-usage_2" is invalid.    
MDS-01259: The metadata store "oracle.mds.persistence.stores.db.DBMetadataStore" cannot be instantiated.    
MDS-00003: error connecting to the database    
Exception occurred while getting connection: oracle.ucp.UniversalConnectionPoolException: Cannot get Connection from Datasource: java.sql.SQLException: ORA-01017: invalid username/password; logon denied

: oracle.mds.config.MDSConfigurationException: MDS-01330: unable to load MDS configuration document    
MDS-01329: unable to load element "persistence-config"
MDS-01370: MetadataStore configuration for metadata-store-usage "mstore-usage_2" is invalid.    
MDS-01259: The metadata store "oracle.mds.persistence.stores.db.DBMetadataStore" cannot be instantiated.    
MDS-00003: error connecting to the database    
Exception occurred while getting connection: oracle.ucp.UniversalConnectionPoolException: Cannot get Connection from Datasource: java.sql.SQLException: ORA-01017: invalid username/password; logon denied

: MDS-01330: unable to load MDS configuration document    
MDS-01329: unable to load element "persistence-config"
MDS-01370: MetadataStore configuration for metadata-store-usage "mstore-usage_2" is invalid.    
MDS-01259: The metadata store "oracle.mds.persistence.stores.db.DBMetadataStore" cannot be instantiated.    
MDS-00003: error connecting to the database    
Exception occurred while getting connection: oracle.ucp.UniversalConnectionPoolException: Cannot get Connection from Datasource: java.sql.SQLException: ORA-01017: invalid username/password; logon denied


	at oracle.fabric.common.FabricMetadataManagerFactory.createMetadataManager(FabricMetadataManagerFactory.java:193)
	at oracle.fabric.common.FabricMetadataManagerFactory.createMetadataManager(FabricMetadataManagerFactory.java:159)
	at oracle.fabric.composite.model.ModuleConfigModel.initializeMetadataManager(ModuleConfigModel.java:75)
	at oracle.fabric.composite.model.CompositeModel.getClientMetadataManager(CompositeModel.java:235)
	at oracle.soa.scac.ValidateComposite.loadComposite(ValidateComposite.java:816)
	at oracle.soa.scac.ValidateComposite.doValidation(ValidateComposite.java:484)
	at oracle.soa.scac.ValidateComposite.run0(ValidateComposite.java:214)
	at oracle.soa.scac.ValidateComposite.run(ValidateComposite.java:195)
	at oracle.soa.scac.ValidateComposite.main(ValidateComposite.java:187)
Caused by: oracle.fabric.common.FabricException: oracle.mds.config.MDSConfigurationException: MDS-01330: unable to load MDS configuration document    
MDS-01329: unable to load element "persistence-config"
MDS-01370: MetadataStore configuration for metadata-store-usage "mstore-usage_2" is invalid.    
MDS-01259: The metadata store "oracle.mds.persistence.stores.db.DBMetadataStore" cannot be instantiated.    
MDS-00003: error connecting to the database    
Exception occurred while getting connection: oracle.ucp.UniversalConnectionPoolException: Cannot get Connection from Datasource: java.sql.SQLException: ORA-01017: invalid username/password; logon denied

: MDS-01330: unable to load MDS configuration document    
MDS-01329: unable to load element "persistence-config"
MDS-01370: MetadataStore configuration for metadata-store-usage "mstore-usage_2" is invalid.    
MDS-01259: The metadata store "oracle.mds.persistence.stores.db.DBMetadataStore" cannot be instantiated.    
MDS-00003: error connecting to the database    
Exception occurred while getting connection: oracle.ucp.UniversalConnectionPoolException: Cannot get Connection from Datasource: java.sql.SQLException: ORA-01017: invalid username/password; logon denied


	at oracle.integration.platform.common.MDSMetadataManagerImpl.init(MDSMetadataManagerImpl.java:380)
	at oracle.integration.platform.common.MDSMetadataManagerImpl.init(MDSMetadataManagerImpl.java:276)
	at oracle.integration.platform.common.MDSMetadataManagerImpl.<init>(MDSMetadataManagerImpl.java:211)
	at sun.reflect.NativeConstructorAccessorImpl.newInstance0(Native Method)
	at sun.reflect.NativeConstructorAccessorImpl.newInstance(NativeConstructorAccessorImpl.java:62)
	at sun.reflect.DelegatingConstructorAccessorImpl.newInstance(DelegatingConstructorAccessorImpl.java:45)
	at java.lang.reflect.Constructor.newInstance(Constructor.java:408)
	at oracle.fabric.common.FabricMetadataManagerFactory.createMetadataManager(FabricMetadataManagerFactory.java:188)
	... 8 more
Caused by: oracle.mds.config.MDSConfigurationException: MDS-01330: unable to load MDS configuration document    
MDS-01329: unable to load element "persistence-config"
MDS-01370: MetadataStore configuration for metadata-store-usage "mstore-usage_2" is invalid.    
MDS-01259: The metadata store "oracle.mds.persistence.stores.db.DBMetadataStore" cannot be instantiated.    
MDS-00003: error connecting to the database    
Exception occurred while getting connection: oracle.ucp.UniversalConnectionPoolException: Cannot get Connection from Datasource: java.sql.SQLException: ORA-01017: invalid username/password; logon denied


	at oracle.mds.config.PConfig.loadFromBean(PConfig.java:1014)
	at oracle.mds.config.PConfig.<init>(PConfig.java:767)
	at oracle.mds.config.MDSConfig.loadFromBean(MDSConfig.java:1151)
	at oracle.mds.config.MDSConfig.loadFromElement(MDSConfig.java:1218)
	at oracle.mds.config.MDSConfig.<init>(MDSConfig.java:876)
	at oracle.mds.config.MDSConfig.<init>(MDSConfig.java:804)
	at oracle.integration.platform.common.MDSUtil.getMDSConfig(MDSUtil.java:67)
	at oracle.integration.platform.common.MDSUtil.getMDSInstance(MDSUtil.java:161)
	at oracle.integration.platform.common.MDSMetadataManagerImpl.getMDSInstance(MDSMetadataManagerImpl.java:736)
	at oracle.integration.platform.common.MDSMetadataManagerImpl.init(MDSMetadataManagerImpl.java:335)
	... 15 more
Caused by: oracle.mds.exception.MDSExceptionList: MDS-01329: unable to load element "persistence-config"
MDS-01370: MetadataStore configuration for metadata-store-usage "mstore-usage_2" is invalid.    
MDS-01259: The metadata store "oracle.mds.persistence.stores.db.DBMetadataStore" cannot be instantiated.    
MDS-00003: error connecting to the database    
Exception occurred while getting connection: oracle.ucp.UniversalConnectionPoolException: Cannot get Connection from Datasource: java.sql.SQLException: ORA-01017: invalid username/password; logon denied


	at oracle.mds.config.PConfig.loadFromBean(PConfig.java:1008)
	... 24 more
